#
# A fatal error has been detected by the Java Runtime Environment:
#
#  EXCEPTION_ACCESS_VIOLATION (0xc0000005) at pc=0x000000005fe27a54, pid=33340, tid=34808
#
# JRE version: Java(TM) SE Runtime Environment (9.0+11) (build 9.0.4+11)
# Java VM: Java HotSpot(TM) 64-Bit Server VM (9.0.4+11, mixed mode, tiered, compressed oops, g1 gc, windows-amd64)
# Problematic frame:
# V  [jvm.dll+0x217a54]
#
# No core dump will be written. Minidumps are not enabled by default on client versions of Windows
#
# If you would like to submit a bug report, please visit:
#   http://bugreport.java.com/bugreport/crash.jsp
#

---------------  S U M M A R Y ------------

Command Line: -agentlib:jdwp=transport=dt_socket,address=127.0.0.1:50028,suspend=y,server=n -ea -Didea.test.cyclic.buffer.size=1048576 -javaagent:C:\Users\30001236\.IdeaIC2018.1\system\captureAgent\debugger-agent.jar=file:/C:/Users/30001236/AppData/Local/Temp/capture2.props -Dfile.encoding=UTF-8 org.testng.RemoteTestNGStarter -usedefaultlisteners true -listener Main.LisinerTest -socket50027 @w@C:\Users\30001236\AppData\Local\Temp\idea_working_dirs_testng.tmp -temp C:\Users\30001236\AppData\Local\Temp\idea_testng1.tmp

Host: Intel(R) Core(TM) i5-6200U CPU @ 2.30GHz, 4 cores, 15G,  Windows 7 , 64 bit Build 7601 (6.1.7601.24117)
Time: Thu Jun 07 12:59:05 2018 ?rodkowoeuropejski czas letni elapsed time: 236 seconds (0d 0h 3m 56s)

---------------  T H R E A D  ---------------

Current thread (0x0000000029884800):  VMThread "VM Thread" [stack: 0x000000002a520000,0x000000002a620000] [id=34808]

Stack: [0x000000002a520000,0x000000002a620000],  sp=0x000000002a61ea68,  free space=1018k
Native frames: (J=compiled Java code, j=interpreted, Vv=VM code, C=native code)
V  [jvm.dll+0x217a54]


siginfo: EXCEPTION_ACCESS_VIOLATION (0xc0000005), reading address 0x000000002da89228


Register to memory mapping:

RIP=0x000000005fe27a54 jvm.dll
RAX=0x0000000000194780 is an unknown value
RBX=0x000000002d631c10 is pointing into metadata
RCX=0x000000002d8f4a98 is pointing into metadata
RDX=0x000000000000ca3c is an unknown value
RSP=0x000000002a61ea68 is an unknown value
RBP=0x0000000000000001 is an unknown value
RSI=0x000000002a61ed20 is an unknown value
RDI=0x000000002a61ed20 is an unknown value
R8 =0x0000000000000000 is an unknown value
R9 =0x000000002d631c10 is pointing into metadata
R10=0x000000002cc439d0 is an unknown value
R11=0x000000002cc430d0 is an unknown value
R12=0x000000002a61ef01 is an unknown value
R13=0x0000000000000000 is an unknown value
R14=0x0000000000000001 is an unknown value
R15=0x0000000000000320 is an unknown value


Registers:
RAX=0x0000000000194780, RBX=0x000000002d631c10, RCX=0x000000002d8f4a98, RDX=0x000000000000ca3c
RSP=0x000000002a61ea68, RBP=0x0000000000000001, RSI=0x000000002a61ed20, RDI=0x000000002a61ed20
R8 =0x0000000000000000, R9 =0x000000002d631c10, R10=0x000000002cc439d0, R11=0x000000002cc430d0
R12=0x000000002a61ef01, R13=0x0000000000000000, R14=0x0000000000000001, R15=0x0000000000000320
RIP=0x000000005fe27a54, EFLAGS=0x0000000000010202

Top of Stack: (sp=0x000000002a61ea68)
0x000000002a61ea68:   000000005ff03c73 0000000000000207
0x000000002a61ea78:   000000005fd11ece 000000002a61ed20
0x000000002a61ea88:   000000005ff072b5 000000002cc42e20
0x000000002a61ea98:   000000005fe25224 000000002a61eb60
0x000000002a61eaa8:   000000005ff049d3 0000b2a043cb083f
0x000000002a61eab8:   000000005ff06a30 0000000000000014
0x000000002a61eac8:   000000002a61eb60 000000002a61ed20
0x000000002a61ead8:   000000005ff05fe0 000000002a61ed20
0x000000002a61eae8:   000000000000024a 0000000000000001
0x000000002a61eaf8:   0000000000000014 000000000000024a
0x000000002a61eb08:   000000002a61ef01 0000000000000320
0x000000002a61eb18:   00000000000002a7 000000002cc42ec0
0x000000002a61eb28:   000000005ff0666e 000000002a61ed20
0x000000002a61eb38:   000000002a61eb90 0000000000000014
0x000000002a61eb48:   000000002cc42ec0 0000000000006000
0x000000002a61eb58:   000000005ff08571 000000002d633628 

Instructions: (pc=0x000000005fe27a54)
0x000000005fe27a34:   18 f7 d2 48 63 c2 48 c1 e0 05 48 8b 44 08 10 0f
0x000000005fe27a44:   b7 c0 41 0f b7 44 c1 4a c3 48 63 c2 48 c1 e0 05
0x000000005fe27a54:   48 8b 44 08 10 0f b7 d0 48 63 c2 41 0f b7 44 c1
0x000000005fe27a64:   4a c3 49 8b 41 08 48 63 ca 0f b6 44 08 04 3c 12 


VM_Operation (0x000000002b3af850): GetOrSetLocal, mode: safepoint, requested by thread 0x000000002a2fc800


---------------  P R O C E S S  ---------------

Java Threads: ( => current thread )
  0x000000002cb79000 JavaThread "Okio Watchdog" daemon [_thread_blocked, id=33896, stack(0x000000002e9e0000,0x000000002eae0000)]
  0x000000002cb7a800 JavaThread "OkHttp ConnectionPool" daemon [_thread_blocked, id=36508, stack(0x000000002e4a0000,0x000000002e5a0000)]
  0x000000002ca1b800 JavaThread "Exec Stream Pumper" daemon [_thread_in_native, id=33944, stack(0x000000002c2e0000,0x000000002c3e0000)]
  0x000000002ca2b000 JavaThread "Exec Stream Pumper" daemon [_thread_in_native, id=35620, stack(0x000000002e3a0000,0x000000002e4a0000)]
  0x000000002ca28000 JavaThread "UrlChecker-2" daemon [_thread_blocked, id=26512, stack(0x000000002db10000,0x000000002dc10000)]
  0x000000002c9d9000 JavaThread "Exec Default Executor" daemon [_thread_in_native, id=35268, stack(0x000000002b660000,0x000000002b760000)]
  0x000000002b906000 JavaThread "Service Thread" daemon [_thread_blocked, id=33588, stack(0x000000002c190000,0x000000002c290000)]
  0x000000002a3e0000 JavaThread "JDWP Command Reader" daemon [_thread_in_native, id=37052, stack(0x000000002b7a0000,0x000000002b8a0000)]
  0x000000002a3d1800 JavaThread "JDWP Event Helper Thread" daemon [_thread_blocked, id=37656, stack(0x000000002b510000,0x000000002b610000)]
  0x000000002a2fc800 JavaThread "JDWP Transport Listener: dt_socket" daemon [_thread_blocked, id=33988, stack(0x000000002b2b0000,0x000000002b3b0000)]
  0x000000002a197000 JavaThread "Common-Cleaner" daemon [_thread_blocked, id=35260, stack(0x000000002aaa0000,0x000000002aba0000)]
  0x000000002a125800 JavaThread "Sweeper thread" daemon [_thread_blocked, id=19532, stack(0x000000002b180000,0x000000002b280000)]
  0x000000002a0f5000 JavaThread "C1 CompilerThread2" daemon [_thread_blocked, id=25048, stack(0x000000002b030000,0x000000002b130000)]
  0x000000002a0f1000 JavaThread "C2 CompilerThread1" daemon [_thread_blocked, id=1404, stack(0x000000002af20000,0x000000002b020000)]
  0x000000002989f800 JavaThread "C2 CompilerThread0" daemon [_thread_blocked, id=25884, stack(0x000000002ad90000,0x000000002ae90000)]
  0x000000002989e800 JavaThread "Attach Listener" daemon [_thread_blocked, id=33832, stack(0x000000002aba0000,0x000000002aca0000)]
  0x000000002989d800 JavaThread "Signal Dispatcher" daemon [_thread_blocked, id=32280, stack(0x000000002a930000,0x000000002aa30000)]
  0x0000000029892800 JavaThread "Finalizer" daemon [_thread_blocked, id=34428, stack(0x000000002a800000,0x000000002a900000)]
  0x0000000029889000 JavaThread "Reference Handler" daemon [_thread_blocked, id=20664, stack(0x000000002a6a0000,0x000000002a7a0000)]
  0x0000000000409800 JavaThread "main" [_thread_blocked, id=18048, stack(0x00000000021b0000,0x00000000022b0000)]

Other Threads:
=>0x0000000029884800 VMThread "VM Thread" [stack: 0x000000002a520000,0x000000002a620000] [id=34808]
  0x000000002b954800 WatcherThread [stack: 0x000000002c3e0000,0x000000002c4e0000] [id=34216]
  0x000000000041e800 GCTaskThread "GC Thread#0" [stack: 0x000000001be90000,0x000000001bf90000] [id=35232]
  0x0000000000420000 GCTaskThread "GC Thread#1" [stack: 0x000000001c110000,0x000000001c210000] [id=24892]
  0x0000000000422800 GCTaskThread "GC Thread#2" [stack: 0x000000001c230000,0x000000001c330000] [id=35492]
  0x0000000000426800 GCTaskThread "GC Thread#3" [stack: 0x000000001c330000,0x000000001c430000] [id=21088]
  0x000000000047a000 ConcurrentGCThread "G1 Main Marker" [stack: 0x0000000027170000,0x0000000027270000] [id=5100]
  0x000000000047f000 ConcurrentGCThread "G1 Marker#0" [stack: 0x0000000027280000,0x0000000027380000] [id=37648]
  0x0000000000436800 ConcurrentGCThread "G1 Refine#0" [stack: 0x000000001cd10000,0x000000001ce10000] [id=36604]
  0x000000000042d000 ConcurrentGCThread "G1 Refine#1" [stack: 0x000000001c830000,0x000000001c930000] [id=35424]
  0x000000000042b800 ConcurrentGCThread "G1 Refine#2" [stack: 0x000000001ca60000,0x000000001cb60000] [id=35924]
  0x0000000000428800 ConcurrentGCThread "G1 Refine#3" [stack: 0x000000001c930000,0x000000001ca30000] [id=35780]
  0x0000000000437000 ConcurrentGCThread "G1 Young RemSet Sampling" [stack: 0x000000001cea0000,0x000000001cfa0000] [id=34764]

Threads with active compile tasks:

VM state:at safepoint (normal execution)

VM Mutex/Monitor currently owned by a thread:  ([mutex/lock_event])
[0x0000000000404110] Threads_lock - owner thread: 0x0000000029884800

Heap address: 0x00000006c1c00000, size: 4068 MB, Compressed Oops mode: Zero based, Oop shift amount: 3
Narrow klass base: 0x0000000000000000, Narrow klass shift: 3
Compressed class space size: 1073741824 Address: 0x00000007c0000000

Heap:
 garbage-first heap   total 262144K, used 102847K [0x00000006c1c00000, 0x00000006c1d00800, 0x00000007c0000000)
  region size 1024K, 66 young (67584K), 6 survivors (6144K)
 Metaspace       used 27318K, capacity 28194K, committed 28416K, reserved 1075200K
  class space    used 3077K, capacity 3281K, committed 3328K, reserved 1048576K
Heap Regions: E=young(eden), S=young(survivor), O=old, HS=humongous(starts), HC=humongous(continues), CS=collection set, F=free, A=archive, TS=gc time stamp, AC=allocation context, TAMS=top-at-mark-start (previous, next)
|   0|0x00000006c1c00000, 0x00000006c1d00000, 0x00000006c1d00000|100%|HS|  |TS  0|AC  0|TAMS 0x00000006c1d00000, 0x00000006c1d00000|
|   1|0x00000006c1d00000, 0x00000006c1e00000, 0x00000006c1e00000|100%| O|  |TS  0|AC  0|TAMS 0x00000006c1e00000, 0x00000006c1e00000|
|   2|0x00000006c1e00000, 0x00000006c1f00000, 0x00000006c1f00000|100%| O|  |TS  0|AC  0|TAMS 0x00000006c1f00000, 0x00000006c1f00000|
|   3|0x00000006c1f00000, 0x00000006c2000000, 0x00000006c2000000|100%| O|  |TS  0|AC  0|TAMS 0x00000006c2000000, 0x00000006c2000000|
|   4|0x00000006c2000000, 0x00000006c2100000, 0x00000006c2100000|100%| O|  |TS  0|AC  0|TAMS 0x00000006c2100000, 0x00000006c2100000|
|   5|0x00000006c2100000, 0x00000006c2200000, 0x00000006c2200000|100%| O|  |TS  0|AC  0|TAMS 0x00000006c2200000, 0x00000006c2200000|
|   6|0x00000006c2200000, 0x00000006c2300000, 0x00000006c2300000|100%| O|  |TS  0|AC  0|TAMS 0x00000006c2300000, 0x00000006c2300000|
|   7|0x00000006c2300000, 0x00000006c2400000, 0x00000006c2400000|100%|HS|  |TS  0|AC  0|TAMS 0x00000006c2300000, 0x00000006c2300000|
|   8|0x00000006c2400000, 0x00000006c2500000, 0x00000006c2500000|100%|HC|  |TS  0|AC  0|TAMS 0x00000006c2400000, 0x00000006c2400000|
|   9|0x00000006c2500000, 0x00000006c2600000, 0x00000006c2600000|100%|HS|  |TS  0|AC  0|TAMS 0x00000006c2500000, 0x00000006c2500000|
|  10|0x00000006c2600000, 0x00000006c2700000, 0x00000006c2700000|100%|HS|  |TS  0|AC  0|TAMS 0x00000006c2600000, 0x00000006c2600000|
|  11|0x00000006c2700000, 0x00000006c2800000, 0x00000006c2800000|100%|HC|  |TS  0|AC  0|TAMS 0x00000006c2700000, 0x00000006c2700000|
|  12|0x00000006c2800000, 0x00000006c2900000, 0x00000006c2900000|100%|HS|  |TS  0|AC  0|TAMS 0x00000006c2800000, 0x00000006c2800000|
|  13|0x00000006c2900000, 0x00000006c2a00000, 0x00000006c2a00000|100%|HC|  |TS  0|AC  0|TAMS 0x00000006c2900000, 0x00000006c2900000|
|  14|0x00000006c2a00000, 0x00000006c2b00000, 0x00000006c2b00000|100%|HC|  |TS  0|AC  0|TAMS 0x00000006c2a00000, 0x00000006c2a00000|
|  15|0x00000006c2b00000, 0x00000006c2c00000, 0x00000006c2c00000|100%|HS|  |TS  0|AC  0|TAMS 0x00000006c2b00000, 0x00000006c2b00000|
|  16|0x00000006c2c00000, 0x00000006c2d00000, 0x00000006c2d00000|100%|HC|  |TS  0|AC  0|TAMS 0x00000006c2c00000, 0x00000006c2c00000|
|  17|0x00000006c2d00000, 0x00000006c2e00000, 0x00000006c2e00000|100%|HS|  |TS  0|AC  0|TAMS 0x00000006c2d00000, 0x00000006c2d00000|
|  18|0x00000006c2e00000, 0x00000006c2f00000, 0x00000006c2f00000|100%|HC|  |TS  0|AC  0|TAMS 0x00000006c2e00000, 0x00000006c2e00000|
|  19|0x00000006c2f00000, 0x00000006c3000000, 0x00000006c3000000|100%|HS|  |TS  0|AC  0|TAMS 0x00000006c2f00000, 0x00000006c2f00000|
|  20|0x00000006c3000000, 0x00000006c3100000, 0x00000006c3100000|100%|HS|  |TS  0|AC  0|TAMS 0x00000006c3000000, 0x00000006c3000000|
|  21|0x00000006c3100000, 0x00000006c3200000, 0x00000006c3200000|100%|HC|  |TS  0|AC  0|TAMS 0x00000006c3100000, 0x00000006c3100000|
|  22|0x00000006c3200000, 0x00000006c3300000, 0x00000006c3300000|100%|HS|  |TS  0|AC  0|TAMS 0x00000006c3200000, 0x00000006c3200000|
|  23|0x00000006c3300000, 0x00000006c3400000, 0x00000006c3400000|100%|HC|  |TS  0|AC  0|TAMS 0x00000006c3300000, 0x00000006c3300000|
|  24|0x00000006c3400000, 0x00000006c3500000, 0x00000006c3500000|100%|HS|  |TS  0|AC  0|TAMS 0x00000006c3400000, 0x00000006c3400000|
|  25|0x00000006c3500000, 0x00000006c3600000, 0x00000006c3600000|100%|HC|  |TS  0|AC  0|TAMS 0x00000006c3500000, 0x00000006c3500000|
|  26|0x00000006c3600000, 0x00000006c3700000, 0x00000006c3700000|100%|HS|  |TS  0|AC  0|TAMS 0x00000006c3600000, 0x00000006c3600000|
|  27|0x00000006c3700000, 0x00000006c3800000, 0x00000006c3800000|100%|HC|  |TS  0|AC  0|TAMS 0x00000006c3700000, 0x00000006c3700000|
|  28|0x00000006c3800000, 0x00000006c3900000, 0x00000006c3900000|100%|HC|  |TS  0|AC  0|TAMS 0x00000006c3800000, 0x00000006c3800000|
|  29|0x00000006c3900000, 0x00000006c3a00000, 0x00000006c3a00000|100%|HC|  |TS  0|AC  0|TAMS 0x00000006c3900000, 0x00000006c3900000|
|  30|0x00000006c3a00000, 0x00000006c3b00000, 0x00000006c3b00000|100%|HS|  |TS  0|AC  0|TAMS 0x00000006c3a00000, 0x00000006c3a00000|
|  31|0x00000006c3b00000, 0x00000006c3c00000, 0x00000006c3c00000|100%|HC|  |TS  0|AC  0|TAMS 0x00000006c3b00000, 0x00000006c3b00000|
|  32|0x00000006c3c00000, 0x00000006c3d00000, 0x00000006c3d00000|100%|HS|  |TS  0|AC  0|TAMS 0x00000006c3c00000, 0x00000006c3c00000|
|  33|0x00000006c3d00000, 0x00000006c3e00000, 0x00000006c3e00000|100%|HC|  |TS  0|AC  0|TAMS 0x00000006c3d00000, 0x00000006c3d00000|
|  34|0x00000006c3e00000, 0x00000006c3f00000, 0x00000006c3f00000|100%|HS|  |TS  0|AC  0|TAMS 0x00000006c3e00000, 0x00000006c3e00000|
|  35|0x00000006c3f00000, 0x00000006c4000000, 0x00000006c4000000|100%|HC|  |TS  0|AC  0|TAMS 0x00000006c3f00000, 0x00000006c3f00000|
|  36|0x00000006c4000000, 0x00000006c4000000, 0x00000006c4100000|  0%| F|  |TS  0|AC  0|TAMS 0x00000006c4000000, 0x00000006c4000000|
|  37|0x00000006c4100000, 0x00000006c4100000, 0x00000006c4200000|  0%| F|  |TS  0|AC  0|TAMS 0x00000006c4100000, 0x00000006c4100000|
|  38|0x00000006c4200000, 0x00000006c4200000, 0x00000006c4300000|  0%| F|  |TS  0|AC  0|TAMS 0x00000006c4200000, 0x00000006c4200000|
|  39|0x00000006c4300000, 0x00000006c4300000, 0x00000006c4400000|  0%| F|  |TS  0|AC  0|TAMS 0x00000006c4300000, 0x00000006c4300000|
|  40|0x00000006c4400000, 0x00000006c4400000, 0x00000006c4500000|  0%| F|  |TS  0|AC  0|TAMS 0x00000006c4400000, 0x00000006c4400000|
|  41|0x00000006c4500000, 0x00000006c4500000, 0x00000006c4600000|  0%| F|  |TS  0|AC  0|TAMS 0x00000006c4500000, 0x00000006c4500000|
|  42|0x00000006c4600000, 0x00000006c4600000, 0x00000006c4700000|  0%| F|  |TS  0|AC  0|TAMS 0x00000006c4600000, 0x00000006c4600000|
|  43|0x00000006c4700000, 0x00000006c4700000, 0x00000006c4800000|  0%| F|  |TS  0|AC  0|TAMS 0x00000006c4700000, 0x00000006c4700000|
|  44|0x00000006c4800000, 0x00000006c4800000, 0x00000006c4900000|  0%| F|  |TS  0|AC  0|TAMS 0x00000006c4800000, 0x00000006c4800000|
|  45|0x00000006c4900000, 0x00000006c4900000, 0x00000006c4a00000|  0%| F|  |TS  0|AC  0|TAMS 0x00000006c4900000, 0x00000006c4900000|
|  46|0x00000006c4a00000, 0x00000006c4a00000, 0x00000006c4b00000|  0%| F|  |TS  0|AC  0|TAMS 0x00000006c4a00000, 0x00000006c4a00000|
|  47|0x00000006c4b00000, 0x00000006c4b00000, 0x00000006c4c00000|  0%| F|  |TS  0|AC  0|TAMS 0x00000006c4b00000, 0x00000006c4b00000|
|  48|0x00000006c4c00000, 0x00000006c4c00000, 0x00000006c4d00000|  0%| F|  |TS  0|AC  0|TAMS 0x00000006c4c00000, 0x00000006c4c00000|
|  49|0x00000006c4d00000, 0x00000006c4d00000, 0x00000006c4e00000|  0%| F|  |TS  0|AC  0|TAMS 0x00000006c4d00000, 0x00000006c4d00000|
|  50|0x00000006c4e00000, 0x00000006c4e00000, 0x00000006c4f00000|  0%| F|  |TS  0|AC  0|TAMS 0x00000006c4e00000, 0x00000006c4e00000|
|  51|0x00000006c4f00000, 0x00000006c4f00000, 0x00000006c5000000|  0%| F|  |TS  0|AC  0|TAMS 0x00000006c4f00000, 0x00000006c4f00000|
|  52|0x00000006c5000000, 0x00000006c5000000, 0x00000006c5100000|  0%| F|  |TS  0|AC  0|TAMS 0x00000006c5000000, 0x00000006c5000000|
|  53|0x00000006c5100000, 0x00000006c5100000, 0x00000006c5200000|  0%| F|  |TS  0|AC  0|TAMS 0x00000006c5100000, 0x00000006c5100000|
|  54|0x00000006c5200000, 0x00000006c5200000, 0x00000006c5300000|  0%| F|  |TS  0|AC  0|TAMS 0x00000006c5200000, 0x00000006c5200000|
|  55|0x00000006c5300000, 0x00000006c5300000, 0x00000006c5400000|  0%| F|  |TS  0|AC  0|TAMS 0x00000006c5300000, 0x00000006c5300000|
|  56|0x00000006c5400000, 0x00000006c5400000, 0x00000006c5500000|  0%| F|  |TS  0|AC  0|TAMS 0x00000006c5400000, 0x00000006c5400000|
|  57|0x00000006c5500000, 0x00000006c5500000, 0x00000006c5600000|  0%| F|  |TS  0|AC  0|TAMS 0x00000006c5500000, 0x00000006c5500000|
|  58|0x00000006c5600000, 0x00000006c5600000, 0x00000006c5700000|  0%| F|  |TS  0|AC  0|TAMS 0x00000006c5600000, 0x00000006c5600000|
|  59|0x00000006c5700000, 0x00000006c5700000, 0x00000006c5800000|  0%| F|  |TS  0|AC  0|TAMS 0x00000006c5700000, 0x00000006c5700000|
|  60|0x00000006c5800000, 0x00000006c5800000, 0x00000006c5900000|  0%| F|  |TS  0|AC  0|TAMS 0x00000006c5800000, 0x00000006c5800000|
|  61|0x00000006c5900000, 0x00000006c5900000, 0x00000006c5a00000|  0%| F|  |TS  0|AC  0|TAMS 0x00000006c5900000, 0x00000006c5900000|
|  62|0x00000006c5a00000, 0x00000006c5a00000, 0x00000006c5b00000|  0%| F|  |TS  0|AC  0|TAMS 0x00000006c5a00000, 0x00000006c5a00000|
|  63|0x00000006c5b00000, 0x00000006c5b00000, 0x00000006c5c00000|  0%| F|  |TS  0|AC  0|TAMS 0x00000006c5b00000, 0x00000006c5b00000|
|  64|0x00000006c5c00000, 0x00000006c5c00000, 0x00000006c5d00000|  0%| F|  |TS  0|AC  0|TAMS 0x00000006c5c00000, 0x00000006c5c00000|
|  65|0x00000006c5d00000, 0x00000006c5d00000, 0x00000006c5e00000|  0%| F|  |TS  0|AC  0|TAMS 0x00000006c5d00000, 0x00000006c5d00000|
|  66|0x00000006c5e00000, 0x00000006c5e00000, 0x00000006c5f00000|  0%| F|  |TS  0|AC  0|TAMS 0x00000006c5e00000, 0x00000006c5e00000|
|  67|0x00000006c5f00000, 0x00000006c5f00000, 0x00000006c6000000|  0%| F|  |TS  0|AC  0|TAMS 0x00000006c5f00000, 0x00000006c5f00000|
|  68|0x00000006c6000000, 0x00000006c6000000, 0x00000006c6100000|  0%| F|  |TS  0|AC  0|TAMS 0x00000006c6000000, 0x00000006c6000000|
|  69|0x00000006c6100000, 0x00000006c6100000, 0x00000006c6200000|  0%| F|  |TS  0|AC  0|TAMS 0x00000006c6100000, 0x00000006c6100000|
|  70|0x00000006c6200000, 0x00000006c6200000, 0x00000006c6300000|  0%| F|  |TS  0|AC  0|TAMS 0x00000006c6200000, 0x00000006c6200000|
|  71|0x00000006c6300000, 0x00000006c6300000, 0x00000006c6400000|  0%| F|  |TS  0|AC  0|TAMS 0x00000006c6300000, 0x00000006c6300000|
|  72|0x00000006c6400000, 0x00000006c6400000, 0x00000006c6500000|  0%| F|  |TS  0|AC  0|TAMS 0x00000006c6400000, 0x00000006c6400000|
|  73|0x00000006c6500000, 0x00000006c6500000, 0x00000006c6600000|  0%| F|  |TS  0|AC  0|TAMS 0x00000006c6500000, 0x00000006c6500000|
|  74|0x00000006c6600000, 0x00000006c6600000, 0x00000006c6700000|  0%| F|  |TS  0|AC  0|TAMS 0x00000006c6600000, 0x00000006c6600000|
|  75|0x00000006c6700000, 0x00000006c6700000, 0x00000006c6800000|  0%| F|  |TS  0|AC  0|TAMS 0x00000006c6700000, 0x00000006c6700000|
|  76|0x00000006c6800000, 0x00000006c6800000, 0x00000006c6900000|  0%| F|  |TS  0|AC  0|TAMS 0x00000006c6800000, 0x00000006c6800000|
|  77|0x00000006c6900000, 0x00000006c6900000, 0x00000006c6a00000|  0%| F|  |TS  0|AC  0|TAMS 0x00000006c6900000, 0x00000006c6900000|
|  78|0x00000006c6a00000, 0x00000006c6a00000, 0x00000006c6b00000|  0%| F|  |TS  0|AC  0|TAMS 0x00000006c6a00000, 0x00000006c6a00000|
|  79|0x00000006c6b00000, 0x00000006c6b00000, 0x00000006c6c00000|  0%| F|  |TS  0|AC  0|TAMS 0x00000006c6b00000, 0x00000006c6b00000|
|  80|0x00000006c6c00000, 0x00000006c6c00000, 0x00000006c6d00000|  0%| F|  |TS  0|AC  0|TAMS 0x00000006c6c00000, 0x00000006c6c00000|
|  81|0x00000006c6d00000, 0x00000006c6d00000, 0x00000006c6e00000|  0%| F|  |TS  0|AC  0|TAMS 0x00000006c6d00000, 0x00000006c6d00000|
|  82|0x00000006c6e00000, 0x00000006c6e00000, 0x00000006c6f00000|  0%| F|  |TS  0|AC  0|TAMS 0x00000006c6e00000, 0x00000006c6e00000|
|  83|0x00000006c6f00000, 0x00000006c6f00000, 0x00000006c7000000|  0%| F|  |TS  0|AC  0|TAMS 0x00000006c6f00000, 0x00000006c6f00000|
|  84|0x00000006c7000000, 0x00000006c7000000, 0x00000006c7100000|  0%| F|  |TS  0|AC  0|TAMS 0x00000006c7000000, 0x00000006c7000000|
|  85|0x00000006c7100000, 0x00000006c7100000, 0x00000006c7200000|  0%| F|  |TS  0|AC  0|TAMS 0x00000006c7100000, 0x00000006c7100000|
|  86|0x00000006c7200000, 0x00000006c7200000, 0x00000006c7300000|  0%| F|  |TS  0|AC  0|TAMS 0x00000006c7200000, 0x00000006c7200000|
|  87|0x00000006c7300000, 0x00000006c7300000, 0x00000006c7400000|  0%| F|  |TS  0|AC  0|TAMS 0x00000006c7300000, 0x00000006c7300000|
|  88|0x00000006c7400000, 0x00000006c7400000, 0x00000006c7500000|  0%| F|  |TS  0|AC  0|TAMS 0x00000006c7400000, 0x00000006c7400000|
|  89|0x00000006c7500000, 0x00000006c7500000, 0x00000006c7600000|  0%| F|  |TS  0|AC  0|TAMS 0x00000006c7500000, 0x00000006c7500000|
|  90|0x00000006c7600000, 0x00000006c7600000, 0x00000006c7700000|  0%| F|  |TS  0|AC  0|TAMS 0x00000006c7600000, 0x00000006c7600000|
|  91|0x00000006c7700000, 0x00000006c7700000, 0x00000006c7800000|  0%| F|  |TS  0|AC  0|TAMS 0x00000006c7700000, 0x00000006c7700000|
|  92|0x00000006c7800000, 0x00000006c7800000, 0x00000006c7900000|  0%| F|  |TS  0|AC  0|TAMS 0x00000006c7800000, 0x00000006c7800000|
|  93|0x00000006c7900000, 0x00000006c7900000, 0x00000006c7a00000|  0%| F|  |TS  0|AC  0|TAMS 0x00000006c7900000, 0x00000006c7900000|
|  94|0x00000006c7a00000, 0x00000006c7a00000, 0x00000006c7b00000|  0%| F|  |TS  0|AC  0|TAMS 0x00000006c7a00000, 0x00000006c7a00000|
|  95|0x00000006c7b00000, 0x00000006c7b00000, 0x00000006c7c00000|  0%| F|  |TS  0|AC  0|TAMS 0x00000006c7b00000, 0x00000006c7b00000|
|  96|0x00000006c7c00000, 0x00000006c7c00000, 0x00000006c7d00000|  0%| F|  |TS  0|AC  0|TAMS 0x00000006c7c00000, 0x00000006c7c00000|
|  97|0x00000006c7d00000, 0x00000006c7d00000, 0x00000006c7e00000|  0%| F|  |TS  0|AC  0|TAMS 0x00000006c7d00000, 0x00000006c7d00000|
|  98|0x00000006c7e00000, 0x00000006c7e00000, 0x00000006c7f00000|  0%| F|  |TS  0|AC  0|TAMS 0x00000006c7e00000, 0x00000006c7e00000|
|  99|0x00000006c7f00000, 0x00000006c7f00000, 0x00000006c8000000|  0%| F|  |TS  0|AC  0|TAMS 0x00000006c7f00000, 0x00000006c7f00000|
| 100|0x00000006c8000000, 0x00000006c8000000, 0x00000006c8100000|  0%| F|  |TS  0|AC  0|TAMS 0x00000006c8000000, 0x00000006c8000000|
| 101|0x00000006c8100000, 0x00000006c8100000, 0x00000006c8200000|  0%| F|  |TS  0|AC  0|TAMS 0x00000006c8100000, 0x00000006c8100000|
| 102|0x00000006c8200000, 0x00000006c8200000, 0x00000006c8300000|  0%| F|  |TS  0|AC  0|TAMS 0x00000006c8200000, 0x00000006c8200000|
| 103|0x00000006c8300000, 0x00000006c8300000, 0x00000006c8400000|  0%| F|  |TS  0|AC  0|TAMS 0x00000006c8300000, 0x00000006c8300000|
| 104|0x00000006c8400000, 0x00000006c8400000, 0x00000006c8500000|  0%| F|  |TS  0|AC  0|TAMS 0x00000006c8400000, 0x00000006c8400000|
| 105|0x00000006c8500000, 0x00000006c8500000, 0x00000006c8600000|  0%| F|  |TS  0|AC  0|TAMS 0x00000006c8500000, 0x00000006c8500000|
| 106|0x00000006c8600000, 0x00000006c8600000, 0x00000006c8700000|  0%| F|  |TS  0|AC  0|TAMS 0x00000006c8600000, 0x00000006c8600000|
| 107|0x00000006c8700000, 0x00000006c8700000, 0x00000006c8800000|  0%| F|  |TS  0|AC  0|TAMS 0x00000006c8700000, 0x00000006c8700000|
| 108|0x00000006c8800000, 0x00000006c8800000, 0x00000006c8900000|  0%| F|  |TS  0|AC  0|TAMS 0x00000006c8800000, 0x00000006c8800000|
| 109|0x00000006c8900000, 0x00000006c8900000, 0x00000006c8a00000|  0%| F|  |TS  0|AC  0|TAMS 0x00000006c8900000, 0x00000006c8900000|
| 110|0x00000006c8a00000, 0x00000006c8a00000, 0x00000006c8b00000|  0%| F|  |TS  0|AC  0|TAMS 0x00000006c8a00000, 0x00000006c8a00000|
| 111|0x00000006c8b00000, 0x00000006c8b00000, 0x00000006c8c00000|  0%| F|  |TS  0|AC  0|TAMS 0x00000006c8b00000, 0x00000006c8b00000|
| 112|0x00000006c8c00000, 0x00000006c8c00000, 0x00000006c8d00000|  0%| F|  |TS  0|AC  0|TAMS 0x00000006c8c00000, 0x00000006c8c00000|
| 113|0x00000006c8d00000, 0x00000006c8d00000, 0x00000006c8e00000|  0%| F|  |TS  0|AC  0|TAMS 0x00000006c8d00000, 0x00000006c8d00000|
| 114|0x00000006c8e00000, 0x00000006c8e00000, 0x00000006c8f00000|  0%| F|  |TS  0|AC  0|TAMS 0x00000006c8e00000, 0x00000006c8e00000|
| 115|0x00000006c8f00000, 0x00000006c8f00000, 0x00000006c9000000|  0%| F|  |TS  0|AC  0|TAMS 0x00000006c8f00000, 0x00000006c8f00000|
| 116|0x00000006c9000000, 0x00000006c9000000, 0x00000006c9100000|  0%| F|  |TS  0|AC  0|TAMS 0x00000006c9000000, 0x00000006c9000000|
| 117|0x00000006c9100000, 0x00000006c9100000, 0x00000006c9200000|  0%| F|  |TS  0|AC  0|TAMS 0x00000006c9100000, 0x00000006c9100000|
| 118|0x00000006c9200000, 0x00000006c9200000, 0x00000006c9300000|  0%| F|  |TS  0|AC  0|TAMS 0x00000006c9200000, 0x00000006c9200000|
| 119|0x00000006c9300000, 0x00000006c9300000, 0x00000006c9400000|  0%| F|  |TS  0|AC  0|TAMS 0x00000006c9300000, 0x00000006c9300000|
| 120|0x00000006c9400000, 0x00000006c9400000, 0x00000006c9500000|  0%| F|  |TS  0|AC  0|TAMS 0x00000006c9400000, 0x00000006c9400000|
| 121|0x00000006c9500000, 0x00000006c9500000, 0x00000006c9600000|  0%| F|  |TS  0|AC  0|TAMS 0x00000006c9500000, 0x00000006c9500000|
| 122|0x00000006c9600000, 0x00000006c9600000, 0x00000006c9700000|  0%| F|  |TS  0|AC  0|TAMS 0x00000006c9600000, 0x00000006c9600000|
| 123|0x00000006c9700000, 0x00000006c9700000, 0x00000006c9800000|  0%| F|  |TS  0|AC  0|TAMS 0x00000006c9700000, 0x00000006c9700000|
| 124|0x00000006c9800000, 0x00000006c9800000, 0x00000006c9900000|  0%| F|  |TS  0|AC  0|TAMS 0x00000006c9800000, 0x00000006c9800000|
| 125|0x00000006c9900000, 0x00000006c9900000, 0x00000006c9a00000|  0%| F|  |TS  0|AC  0|TAMS 0x00000006c9900000, 0x00000006c9900000|
| 126|0x00000006c9a00000, 0x00000006c9a00000, 0x00000006c9b00000|  0%| F|  |TS  0|AC  0|TAMS 0x00000006c9a00000, 0x00000006c9a00000|
| 127|0x00000006c9b00000, 0x00000006c9b00000, 0x00000006c9c00000|  0%| F|  |TS  0|AC  0|TAMS 0x00000006c9b00000, 0x00000006c9b00000|
| 128|0x00000006c9c00000, 0x00000006c9c00000, 0x00000006c9d00000|  0%| F|  |TS  0|AC  0|TAMS 0x00000006c9c00000, 0x00000006c9c00000|
| 129|0x00000006c9d00000, 0x00000006c9d00000, 0x00000006c9e00000|  0%| F|  |TS  0|AC  0|TAMS 0x00000006c9d00000, 0x00000006c9d00000|
| 130|0x00000006c9e00000, 0x00000006c9e00000, 0x00000006c9f00000|  0%| F|  |TS  0|AC  0|TAMS 0x00000006c9e00000, 0x00000006c9e00000|
| 131|0x00000006c9f00000, 0x00000006c9f00000, 0x00000006ca000000|  0%| F|  |TS  0|AC  0|TAMS 0x00000006c9f00000, 0x00000006c9f00000|
| 132|0x00000006ca000000, 0x00000006ca000000, 0x00000006ca100000|  0%| F|  |TS  0|AC  0|TAMS 0x00000006ca000000, 0x00000006ca000000|
| 133|0x00000006ca100000, 0x00000006ca100000, 0x00000006ca200000|  0%| F|  |TS  0|AC  0|TAMS 0x00000006ca100000, 0x00000006ca100000|
| 134|0x00000006ca200000, 0x00000006ca200000, 0x00000006ca300000|  0%| F|  |TS  0|AC  0|TAMS 0x00000006ca200000, 0x00000006ca200000|
| 135|0x00000006ca300000, 0x00000006ca300000, 0x00000006ca400000|  0%| F|  |TS  0|AC  0|TAMS 0x00000006ca300000, 0x00000006ca300000|
| 136|0x00000006ca400000, 0x00000006ca400000, 0x00000006ca500000|  0%| F|  |TS  0|AC  0|TAMS 0x00000006ca400000, 0x00000006ca400000|
| 137|0x00000006ca500000, 0x00000006ca500000, 0x00000006ca600000|  0%| F|  |TS  0|AC  0|TAMS 0x00000006ca500000, 0x00000006ca500000|
| 138|0x00000006ca600000, 0x00000006ca600000, 0x00000006ca700000|  0%| F|  |TS  0|AC  0|TAMS 0x00000006ca600000, 0x00000006ca600000|
| 139|0x00000006ca700000, 0x00000006ca700000, 0x00000006ca800000|  0%| F|  |TS  0|AC  0|TAMS 0x00000006ca700000, 0x00000006ca700000|
| 140|0x00000006ca800000, 0x00000006ca800000, 0x00000006ca900000|  0%| F|  |TS  0|AC  0|TAMS 0x00000006ca800000, 0x00000006ca800000|
| 141|0x00000006ca900000, 0x00000006ca900000, 0x00000006caa00000|  0%| F|  |TS  0|AC  0|TAMS 0x00000006ca900000, 0x00000006ca900000|
| 142|0x00000006caa00000, 0x00000006caa00000, 0x00000006cab00000|  0%| F|  |TS  0|AC  0|TAMS 0x00000006caa00000, 0x00000006caa00000|
| 143|0x00000006cab00000, 0x00000006cab00000, 0x00000006cac00000|  0%| F|  |TS  0|AC  0|TAMS 0x00000006cab00000, 0x00000006cab00000|
| 144|0x00000006cac00000, 0x00000006cac00000, 0x00000006cad00000|  0%| F|  |TS  0|AC  0|TAMS 0x00000006cac00000, 0x00000006cac00000|
| 145|0x00000006cad00000, 0x00000006cad00000, 0x00000006cae00000|  0%| F|  |TS  0|AC  0|TAMS 0x00000006cad00000, 0x00000006cad00000|
| 146|0x00000006cae00000, 0x00000006cae00000, 0x00000006caf00000|  0%| F|  |TS  0|AC  0|TAMS 0x00000006cae00000, 0x00000006cae00000|
| 147|0x00000006caf00000, 0x00000006caf00000, 0x00000006cb000000|  0%| F|  |TS  0|AC  0|TAMS 0x00000006caf00000, 0x00000006caf00000|
| 148|0x00000006cb000000, 0x00000006cb000000, 0x00000006cb100000|  0%| F|  |TS  0|AC  0|TAMS 0x00000006cb000000, 0x00000006cb000000|
| 149|0x00000006cb100000, 0x00000006cb100000, 0x00000006cb200000|  0%| F|  |TS  0|AC  0|TAMS 0x00000006cb100000, 0x00000006cb100000|
| 150|0x00000006cb200000, 0x00000006cb200000, 0x00000006cb300000|  0%| F|  |TS  0|AC  0|TAMS 0x00000006cb200000, 0x00000006cb200000|
| 151|0x00000006cb300000, 0x00000006cb300000, 0x00000006cb400000|  0%| F|  |TS  0|AC  0|TAMS 0x00000006cb300000, 0x00000006cb300000|
| 152|0x00000006cb400000, 0x00000006cb400000, 0x00000006cb500000|  0%| F|  |TS  0|AC  0|TAMS 0x00000006cb400000, 0x00000006cb400000|
| 153|0x00000006cb500000, 0x00000006cb500000, 0x00000006cb600000|  0%| F|  |TS  0|AC  0|TAMS 0x00000006cb500000, 0x00000006cb500000|
| 154|0x00000006cb600000, 0x00000006cb600000, 0x00000006cb700000|  0%| F|  |TS  0|AC  0|TAMS 0x00000006cb600000, 0x00000006cb600000|
| 155|0x00000006cb700000, 0x00000006cb700000, 0x00000006cb800000|  0%| F|  |TS  0|AC  0|TAMS 0x00000006cb700000, 0x00000006cb700000|
| 156|0x00000006cb800000, 0x00000006cb800000, 0x00000006cb900000|  0%| F|  |TS  0|AC  0|TAMS 0x00000006cb800000, 0x00000006cb800000|
| 157|0x00000006cb900000, 0x00000006cb900000, 0x00000006cba00000|  0%| F|  |TS  0|AC  0|TAMS 0x00000006cb900000, 0x00000006cb900000|
| 158|0x00000006cba00000, 0x00000006cba00000, 0x00000006cbb00000|  0%| F|  |TS  0|AC  0|TAMS 0x00000006cba00000, 0x00000006cba00000|
| 159|0x00000006cbb00000, 0x00000006cbb00000, 0x00000006cbc00000|  0%| F|  |TS  0|AC  0|TAMS 0x00000006cbb00000, 0x00000006cbb00000|
| 160|0x00000006cbc00000, 0x00000006cbc00000, 0x00000006cbd00000|  0%| F|  |TS  0|AC  0|TAMS 0x00000006cbc00000, 0x00000006cbc00000|
| 161|0x00000006cbd00000, 0x00000006cbd00000, 0x00000006cbe00000|  0%| F|  |TS  0|AC  0|TAMS 0x00000006cbd00000, 0x00000006cbd00000|
| 162|0x00000006cbe00000, 0x00000006cbe00000, 0x00000006cbf00000|  0%| F|  |TS  0|AC  0|TAMS 0x00000006cbe00000, 0x00000006cbe00000|
| 163|0x00000006cbf00000, 0x00000006cbf00000, 0x00000006cc000000|  0%| F|  |TS  0|AC  0|TAMS 0x00000006cbf00000, 0x00000006cbf00000|
| 164|0x00000006cc000000, 0x00000006cc000000, 0x00000006cc100000|  0%| F|  |TS  0|AC  0|TAMS 0x00000006cc000000, 0x00000006cc000000|
| 165|0x00000006cc100000, 0x00000006cc100000, 0x00000006cc200000|  0%| F|  |TS  0|AC  0|TAMS 0x00000006cc100000, 0x00000006cc100000|
| 166|0x00000006cc200000, 0x00000006cc200000, 0x00000006cc300000|  0%| F|  |TS  0|AC  0|TAMS 0x00000006cc200000, 0x00000006cc200000|
| 167|0x00000006cc300000, 0x00000006cc300000, 0x00000006cc400000|  0%| F|  |TS  0|AC  0|TAMS 0x00000006cc300000, 0x00000006cc300000|
| 168|0x00000006cc400000, 0x00000006cc400000, 0x00000006cc500000|  0%| F|  |TS  0|AC  0|TAMS 0x00000006cc400000, 0x00000006cc400000|
| 169|0x00000006cc500000, 0x00000006cc500000, 0x00000006cc600000|  0%| F|  |TS  0|AC  0|TAMS 0x00000006cc500000, 0x00000006cc500000|
| 170|0x00000006cc600000, 0x00000006cc600000, 0x00000006cc700000|  0%| F|  |TS  0|AC  0|TAMS 0x00000006cc600000, 0x00000006cc600000|
| 171|0x00000006cc700000, 0x00000006cc700000, 0x00000006cc800000|  0%| F|  |TS  0|AC  0|TAMS 0x00000006cc700000, 0x00000006cc700000|
| 172|0x00000006cc800000, 0x00000006cc800000, 0x00000006cc900000|  0%| F|  |TS  0|AC  0|TAMS 0x00000006cc800000, 0x00000006cc800000|
| 173|0x00000006cc900000, 0x00000006cc900000, 0x00000006cca00000|  0%| F|  |TS  0|AC  0|TAMS 0x00000006cc900000, 0x00000006cc900000|
| 174|0x00000006cca00000, 0x00000006cca00000, 0x00000006ccb00000|  0%| F|  |TS  0|AC  0|TAMS 0x00000006cca00000, 0x00000006cca00000|
| 175|0x00000006ccb00000, 0x00000006ccb00000, 0x00000006ccc00000|  0%| F|  |TS  0|AC  0|TAMS 0x00000006ccb00000, 0x00000006ccb00000|
| 176|0x00000006ccc00000, 0x00000006ccc00000, 0x00000006ccd00000|  0%| F|  |TS  0|AC  0|TAMS 0x00000006ccc00000, 0x00000006ccc00000|
| 177|0x00000006ccd00000, 0x00000006ccd00000, 0x00000006cce00000|  0%| F|  |TS  0|AC  0|TAMS 0x00000006ccd00000, 0x00000006ccd00000|
| 178|0x00000006cce00000, 0x00000006cce00000, 0x00000006ccf00000|  0%| F|  |TS  0|AC  0|TAMS 0x00000006cce00000, 0x00000006cce00000|
| 179|0x00000006ccf00000, 0x00000006ccf00000, 0x00000006cd000000|  0%| F|  |TS  0|AC  0|TAMS 0x00000006ccf00000, 0x00000006ccf00000|
| 180|0x00000006cd000000, 0x00000006cd000000, 0x00000006cd100000|  0%| F|  |TS  0|AC  0|TAMS 0x00000006cd000000, 0x00000006cd000000|
| 181|0x00000006cd100000, 0x00000006cd100000, 0x00000006cd200000|  0%| F|  |TS  0|AC  0|TAMS 0x00000006cd100000, 0x00000006cd100000|
| 182|0x00000006cd200000, 0x00000006cd200000, 0x00000006cd300000|  0%| F|  |TS  0|AC  0|TAMS 0x00000006cd200000, 0x00000006cd200000|
| 183|0x00000006cd300000, 0x00000006cd300000, 0x00000006cd400000|  0%| F|  |TS  0|AC  0|TAMS 0x00000006cd300000, 0x00000006cd300000|
| 184|0x00000006cd400000, 0x00000006cd400000, 0x00000006cd500000|  0%| F|  |TS  0|AC  0|TAMS 0x00000006cd400000, 0x00000006cd400000|
| 185|0x00000006cd500000, 0x00000006cd500000, 0x00000006cd600000|  0%| F|  |TS  0|AC  0|TAMS 0x00000006cd500000, 0x00000006cd500000|
| 186|0x00000006cd600000, 0x00000006cd600000, 0x00000006cd700000|  0%| F|  |TS  0|AC  0|TAMS 0x00000006cd600000, 0x00000006cd600000|
| 187|0x00000006cd700000, 0x00000006cd700000, 0x00000006cd800000|  0%| F|  |TS  0|AC  0|TAMS 0x00000006cd700000, 0x00000006cd700000|
| 188|0x00000006cd800000, 0x00000006cd800000, 0x00000006cd900000|  0%| F|  |TS  0|AC  0|TAMS 0x00000006cd800000, 0x00000006cd800000|
| 189|0x00000006cd900000, 0x00000006cd900000, 0x00000006cda00000|  0%| F|  |TS  0|AC  0|TAMS 0x00000006cd900000, 0x00000006cd900000|
| 190|0x00000006cda00000, 0x00000006cdb00000, 0x00000006cdb00000|100%| E|  |TS  0|AC  0|TAMS 0x00000006cda00000, 0x00000006cda00000|
| 191|0x00000006cdb00000, 0x00000006cdc00000, 0x00000006cdc00000|100%| E|CS|TS  0|AC  0|TAMS 0x00000006cdb00000, 0x00000006cdb00000|
| 192|0x00000006cdc00000, 0x00000006cdd00000, 0x00000006cdd00000|100%| E|CS|TS  0|AC  0|TAMS 0x00000006cdc00000, 0x00000006cdc00000|
| 193|0x00000006cdd00000, 0x00000006cde00000, 0x00000006cde00000|100%| E|CS|TS  0|AC  0|TAMS 0x00000006cdd00000, 0x00000006cdd00000|
| 194|0x00000006cde00000, 0x00000006cdf00000, 0x00000006cdf00000|100%| E|CS|TS  0|AC  0|TAMS 0x00000006cde00000, 0x00000006cde00000|
| 195|0x00000006cdf00000, 0x00000006ce000000, 0x00000006ce000000|100%| E|CS|TS  0|AC  0|TAMS 0x00000006cdf00000, 0x00000006cdf00000|
| 196|0x00000006ce000000, 0x00000006ce100000, 0x00000006ce100000|100%| E|CS|TS  0|AC  0|TAMS 0x00000006ce000000, 0x00000006ce000000|
| 197|0x00000006ce100000, 0x00000006ce200000, 0x00000006ce200000|100%| E|CS|TS  0|AC  0|TAMS 0x00000006ce100000, 0x00000006ce100000|
| 198|0x00000006ce200000, 0x00000006ce300000, 0x00000006ce300000|100%| E|CS|TS  0|AC  0|TAMS 0x00000006ce200000, 0x00000006ce200000|
| 199|0x00000006ce300000, 0x00000006ce400000, 0x00000006ce400000|100%| E|CS|TS  0|AC  0|TAMS 0x00000006ce300000, 0x00000006ce300000|
| 200|0x00000006ce400000, 0x00000006ce500000, 0x00000006ce500000|100%| E|CS|TS  0|AC  0|TAMS 0x00000006ce400000, 0x00000006ce400000|
| 201|0x00000006ce500000, 0x00000006ce600000, 0x00000006ce600000|100%| E|CS|TS  0|AC  0|TAMS 0x00000006ce500000, 0x00000006ce500000|
| 202|0x00000006ce600000, 0x00000006ce700000, 0x00000006ce700000|100%| E|CS|TS  0|AC  0|TAMS 0x00000006ce600000, 0x00000006ce600000|
| 203|0x00000006ce700000, 0x00000006ce800000, 0x00000006ce800000|100%| E|CS|TS  0|AC  0|TAMS 0x00000006ce700000, 0x00000006ce700000|
| 204|0x00000006ce800000, 0x00000006ce900000, 0x00000006ce900000|100%| E|CS|TS  0|AC  0|TAMS 0x00000006ce800000, 0x00000006ce800000|
| 205|0x00000006ce900000, 0x00000006cea00000, 0x00000006cea00000|100%| E|CS|TS  0|AC  0|TAMS 0x00000006ce900000, 0x00000006ce900000|
| 206|0x00000006cea00000, 0x00000006ceb00000, 0x00000006ceb00000|100%| E|CS|TS  0|AC  0|TAMS 0x00000006cea00000, 0x00000006cea00000|
| 207|0x00000006ceb00000, 0x00000006cec00000, 0x00000006cec00000|100%| E|CS|TS  0|AC  0|TAMS 0x00000006ceb00000, 0x00000006ceb00000|
| 208|0x00000006cec00000, 0x00000006ced00000, 0x00000006ced00000|100%| E|CS|TS  0|AC  0|TAMS 0x00000006cec00000, 0x00000006cec00000|
| 209|0x00000006ced00000, 0x00000006cee00000, 0x00000006cee00000|100%| E|CS|TS  0|AC  0|TAMS 0x00000006ced00000, 0x00000006ced00000|
| 210|0x00000006cee00000, 0x00000006cef00000, 0x00000006cef00000|100%| E|CS|TS  0|AC  0|TAMS 0x00000006cee00000, 0x00000006cee00000|
| 211|0x00000006cef00000, 0x00000006cf000000, 0x00000006cf000000|100%| E|CS|TS  0|AC  0|TAMS 0x00000006cef00000, 0x00000006cef00000|
| 212|0x00000006cf000000, 0x00000006cf100000, 0x00000006cf100000|100%| E|CS|TS  0|AC  0|TAMS 0x00000006cf000000, 0x00000006cf000000|
| 213|0x00000006cf100000, 0x00000006cf200000, 0x00000006cf200000|100%| E|CS|TS  0|AC  0|TAMS 0x00000006cf100000, 0x00000006cf100000|
| 214|0x00000006cf200000, 0x00000006cf300000, 0x00000006cf300000|100%| E|CS|TS  0|AC  0|TAMS 0x00000006cf200000, 0x00000006cf200000|
| 215|0x00000006cf300000, 0x00000006cf400000, 0x00000006cf400000|100%| E|CS|TS  0|AC  0|TAMS 0x00000006cf300000, 0x00000006cf300000|
| 216|0x00000006cf400000, 0x00000006cf500000, 0x00000006cf500000|100%| E|CS|TS  0|AC  0|TAMS 0x00000006cf400000, 0x00000006cf400000|
| 217|0x00000006cf500000, 0x00000006cf600000, 0x00000006cf600000|100%| E|CS|TS  0|AC  0|TAMS 0x00000006cf500000, 0x00000006cf500000|
| 218|0x00000006cf600000, 0x00000006cf700000, 0x00000006cf700000|100%| E|CS|TS  0|AC  0|TAMS 0x00000006cf600000, 0x00000006cf600000|
| 219|0x00000006cf700000, 0x00000006cf800000, 0x00000006cf800000|100%| E|CS|TS  0|AC  0|TAMS 0x00000006cf700000, 0x00000006cf700000|
| 220|0x00000006cf800000, 0x00000006cf900000, 0x00000006cf900000|100%| E|CS|TS  0|AC  0|TAMS 0x00000006cf800000, 0x00000006cf800000|
| 221|0x00000006cf900000, 0x00000006cfa00000, 0x00000006cfa00000|100%| E|CS|TS  0|AC  0|TAMS 0x00000006cf900000, 0x00000006cf900000|
| 222|0x00000006cfa00000, 0x00000006cfb00000, 0x00000006cfb00000|100%| E|CS|TS  0|AC  0|TAMS 0x00000006cfa00000, 0x00000006cfa00000|
| 223|0x00000006cfb00000, 0x00000006cfc00000, 0x00000006cfc00000|100%| E|CS|TS  0|AC  0|TAMS 0x00000006cfb00000, 0x00000006cfb00000|
| 224|0x00000006cfc00000, 0x00000006cfd00000, 0x00000006cfd00000|100%| E|CS|TS  0|AC  0|TAMS 0x00000006cfc00000, 0x00000006cfc00000|
| 225|0x00000006cfd00000, 0x00000006cfe00000, 0x00000006cfe00000|100%| E|CS|TS  0|AC  0|TAMS 0x00000006cfd00000, 0x00000006cfd00000|
| 226|0x00000006cfe00000, 0x00000006cff00000, 0x00000006cff00000|100%| E|CS|TS  0|AC  0|TAMS 0x00000006cfe00000, 0x00000006cfe00000|
| 227|0x00000006cff00000, 0x00000006d0000000, 0x00000006d0000000|100%| E|CS|TS  0|AC  0|TAMS 0x00000006cff00000, 0x00000006cff00000|
| 228|0x00000006d0000000, 0x00000006d0100000, 0x00000006d0100000|100%| E|CS|TS  0|AC  0|TAMS 0x00000006d0000000, 0x00000006d0000000|
| 229|0x00000006d0100000, 0x00000006d0200000, 0x00000006d0200000|100%| E|CS|TS  0|AC  0|TAMS 0x00000006d0100000, 0x00000006d0100000|
| 230|0x00000006d0200000, 0x00000006d0300000, 0x00000006d0300000|100%| E|CS|TS  0|AC  0|TAMS 0x00000006d0200000, 0x00000006d0200000|
| 231|0x00000006d0300000, 0x00000006d0400000, 0x00000006d0400000|100%| E|CS|TS  0|AC  0|TAMS 0x00000006d0300000, 0x00000006d0300000|
| 232|0x00000006d0400000, 0x00000006d0500000, 0x00000006d0500000|100%| E|CS|TS  0|AC  0|TAMS 0x00000006d0400000, 0x00000006d0400000|
| 233|0x00000006d0500000, 0x00000006d056fd80, 0x00000006d0600000| 43%| S|CS|TS  0|AC  0|TAMS 0x00000006d0500000, 0x00000006d0500000|
| 234|0x00000006d0600000, 0x00000006d0700000, 0x00000006d0700000|100%| S|CS|TS  0|AC  0|TAMS 0x00000006d0600000, 0x00000006d0600000|
| 235|0x00000006d0700000, 0x00000006d0800000, 0x00000006d0800000|100%| S|CS|TS  0|AC  0|TAMS 0x00000006d0700000, 0x00000006d0700000|
| 236|0x00000006d0800000, 0x00000006d0900000, 0x00000006d0900000|100%| S|CS|TS  0|AC  0|TAMS 0x00000006d0800000, 0x00000006d0800000|
| 237|0x00000006d0900000, 0x00000006d0a00000, 0x00000006d0a00000|100%| S|CS|TS  0|AC  0|TAMS 0x00000006d0900000, 0x00000006d0900000|
| 238|0x00000006d0a00000, 0x00000006d0b00000, 0x00000006d0b00000|100%| S|CS|TS  0|AC  0|TAMS 0x00000006d0a00000, 0x00000006d0a00000|
| 239|0x00000006d0b00000, 0x00000006d0c00000, 0x00000006d0c00000|100%| E|CS|TS  0|AC  0|TAMS 0x00000006d0b00000, 0x00000006d0b00000|
| 240|0x00000006d0c00000, 0x00000006d0d00000, 0x00000006d0d00000|100%| E|CS|TS  0|AC  0|TAMS 0x00000006d0c00000, 0x00000006d0c00000|
| 241|0x00000006d0d00000, 0x00000006d0e00000, 0x00000006d0e00000|100%| E|CS|TS  0|AC  0|TAMS 0x00000006d0d00000, 0x00000006d0d00000|
| 242|0x00000006d0e00000, 0x00000006d0f00000, 0x00000006d0f00000|100%| E|CS|TS  0|AC  0|TAMS 0x00000006d0e00000, 0x00000006d0e00000|
| 243|0x00000006d0f00000, 0x00000006d1000000, 0x00000006d1000000|100%| E|CS|TS  0|AC  0|TAMS 0x00000006d0f00000, 0x00000006d0f00000|
| 244|0x00000006d1000000, 0x00000006d1100000, 0x00000006d1100000|100%| E|CS|TS  0|AC  0|TAMS 0x00000006d1000000, 0x00000006d1000000|
| 245|0x00000006d1100000, 0x00000006d1200000, 0x00000006d1200000|100%| E|CS|TS  0|AC  0|TAMS 0x00000006d1100000, 0x00000006d1100000|
| 246|0x00000006d1200000, 0x00000006d1300000, 0x00000006d1300000|100%| E|CS|TS  0|AC  0|TAMS 0x00000006d1200000, 0x00000006d1200000|
| 247|0x00000006d1300000, 0x00000006d1400000, 0x00000006d1400000|100%| E|CS|TS  0|AC  0|TAMS 0x00000006d1300000, 0x00000006d1300000|
| 248|0x00000006d1400000, 0x00000006d1500000, 0x00000006d1500000|100%| E|CS|TS  0|AC  0|TAMS 0x00000006d1400000, 0x00000006d1400000|
| 249|0x00000006d1500000, 0x00000006d1600000, 0x00000006d1600000|100%| E|CS|TS  0|AC  0|TAMS 0x00000006d1500000, 0x00000006d1500000|
| 250|0x00000006d1600000, 0x00000006d1700000, 0x00000006d1700000|100%| E|CS|TS  0|AC  0|TAMS 0x00000006d1600000, 0x00000006d1600000|
| 251|0x00000006d1700000, 0x00000006d1800000, 0x00000006d1800000|100%| E|CS|TS  0|AC  0|TAMS 0x00000006d1700000, 0x00000006d1700000|
| 252|0x00000006d1800000, 0x00000006d1900000, 0x00000006d1900000|100%| E|CS|TS  0|AC  0|TAMS 0x00000006d1800000, 0x00000006d1800000|
| 253|0x00000006d1900000, 0x00000006d1a00000, 0x00000006d1a00000|100%| E|CS|TS  0|AC  0|TAMS 0x00000006d1900000, 0x00000006d1900000|
| 254|0x00000006d1a00000, 0x00000006d1b00000, 0x00000006d1b00000|100%| E|CS|TS  0|AC  0|TAMS 0x00000006d1a00000, 0x00000006d1a00000|
| 255|0x00000006d1b00000, 0x00000006d1c00000, 0x00000006d1c00000|100%| E|CS|TS  0|AC  0|TAMS 0x00000006d1b00000, 0x00000006d1b00000|

Card table byte_map: [0x000000001dfa0000,0x000000001e7a0000] byte_map_base: 0x000000001a992000

Marking Bits (Prev, Next): (CMBitMap*) 0x0000000000479458, (CMBitMap*) 0x0000000000479420
 Prev Bits: [0x0000000022f30000, 0x0000000026ec0000)
 Next Bits: [0x000000001efa0000, 0x0000000022f30000)

Polling page: 0x0000000000340000

CodeHeap 'non-profiled nmethods': size=120064Kb used=1017Kb max_used=1163Kb free=119047Kb
 bounds [0x0000000014780000, 0x00000000149f0000, 0x000000001bcc0000]
CodeHeap 'profiled nmethods': size=120000Kb used=4466Kb max_used=5406Kb free=115533Kb
 bounds [0x000000000d250000, 0x000000000d7a0000, 0x0000000014780000]
CodeHeap 'non-nmethods': size=5696Kb used=1302Kb max_used=1370Kb free=4393Kb
 bounds [0x000000000ccc0000, 0x000000000cf30000, 0x000000000d250000]
 total_blobs=3528 nmethods=2142 adapters=430
 compilation: enabled

Compilation events (10 events):
Event: 21.239 Thread 0x000000002a0f5000 2453       3       java.lang.Integer::rotateLeft (9 bytes)
Event: 21.240 Thread 0x000000002a0f5000 nmethod 2453 0x000000000d250990 code [0x000000000d250b40, 0x000000000d250c90]
Event: 21.240 Thread 0x000000002a0f5000 2451       3       java.util.AbstractMap$SimpleImmutableEntry::<init> (15 bytes)
Event: 21.240 Thread 0x000000002a0f5000 nmethod 2451 0x000000000d25ba90 code [0x000000000d25bc40, 0x000000000d25bed0]
Event: 21.252 Thread 0x000000002a0f5000 2455       3       okhttp3.Headers::value (11 bytes)
Event: 21.253 Thread 0x000000002a0f5000 nmethod 2455 0x000000000d25b590 code [0x000000000d25b740, 0x000000000d25b8d0]
Event: 21.253 Thread 0x000000002a0f5000 2456       3       com.google.common.collect.Iterators::singletonIterator (9 bytes)
Event: 21.253 Thread 0x000000002a0f5000 nmethod 2456 0x000000000d25f190 code [0x000000000d25f360, 0x000000000d25f670]
Event: 21.253 Thread 0x000000002a0f1000 2457       4       java.util.regex.Pattern$Branch::match (66 bytes)
Event: 21.268 Thread 0x000000002a0f1000 nmethod 2457 0x0000000014799f90 code [0x000000001479a180, 0x000000001479ab88]

GC Heap History (8 events):
Event: 0.971 GC heap before
{Heap before GC invocations=0 (full 0):
 garbage-first heap   total 262144K, used 15360K [0x00000006c1c00000, 0x00000006c1d00800, 0x00000007c0000000)
  region size 1024K, 14 young (14336K), 0 survivors (0K)
 Metaspace       used 8091K, capacity 8222K, committed 8576K, reserved 1056768K
  class space    used 739K, capacity 777K, committed 896K, reserved 1048576K
}
Event: 0.977 GC heap after
{Heap after GC invocations=1 (full 0):
 garbage-first heap   total 262144K, used 7039K [0x00000006c1c00000, 0x00000006c1d00800, 0x00000007c0000000)
  region size 1024K, 2 young (2048K), 2 survivors (2048K)
 Metaspace       used 8091K, capacity 8222K, committed 8576K, reserved 1056768K
  class space    used 739K, capacity 777K, committed 896K, reserved 1048576K
}
Event: 1.260 GC heap before
{Heap before GC invocations=1 (full 0):
 garbage-first heap   total 262144K, used 17279K [0x00000006c1c00000, 0x00000006c1d00800, 0x00000007c0000000)
  region size 1024K, 12 young (12288K), 2 survivors (2048K)
 Metaspace       used 10247K, capacity 10580K, committed 10880K, reserved 1058816K
  class space    used 995K, capacity 1093K, committed 1152K, reserved 1048576K
}
Event: 1.284 GC heap after
{Heap after GC invocations=2 (full 0):
 garbage-first heap   total 262144K, used 8200K [0x00000006c1c00000, 0x00000006c1d00800, 0x00000007c0000000)
  region size 1024K, 2 young (2048K), 2 survivors (2048K)
 Metaspace       used 10247K, capacity 10580K, committed 10880K, reserved 1058816K
  class space    used 995K, capacity 1093K, committed 1152K, reserved 1048576K
}
Event: 2.492 GC heap before
{Heap before GC invocations=2 (full 0):
 garbage-first heap   total 262144K, used 34824K [0x00000006c1c00000, 0x00000006c1d00800, 0x00000007c0000000)
  region size 1024K, 28 young (28672K), 2 survivors (2048K)
 Metaspace       used 16495K, capacity 16914K, committed 17280K, reserved 1064960K
  class space    used 1709K, capacity 1825K, committed 1920K, reserved 1048576K
}
Event: 2.498 GC heap after
{Heap after GC invocations=3 (full 0):
 garbage-first heap   total 262144K, used 11796K [0x00000006c1c00000, 0x00000006c1d00800, 0x00000007c0000000)
  region size 1024K, 4 young (4096K), 4 survivors (4096K)
 Metaspace       used 16495K, capacity 16914K, committed 17280K, reserved 1064960K
  class space    used 1709K, capacity 1825K, committed 1920K, reserved 1048576K
}
Event: 4.343 GC heap before
{Heap before GC invocations=3 (full 0):
 garbage-first heap   total 262144K, used 28180K [0x00000006c1c00000, 0x00000006c1d00800, 0x00000007c0000000)
  region size 1024K, 21 young (21504K), 4 survivors (4096K)
 Metaspace       used 20468K, capacity 21152K, committed 21296K, reserved 1069056K
  class space    used 2208K, capacity 2362K, committed 2432K, reserved 1048576K
}
Event: 4.349 GC heap after
{Heap after GC invocations=4 (full 0):
 garbage-first heap   total 262144K, used 13267K [0x00000006c1c00000, 0x00000006c1d00800, 0x00000007c0000000)
  region size 1024K, 6 young (6144K), 6 survivors (6144K)
 Metaspace       used 20468K, capacity 21152K, committed 21296K, reserved 1069056K
  class space    used 2208K, capacity 2362K, committed 2432K, reserved 1048576K
}

Deoptimization events (10 events):
Event: 5.268 Thread 0x0000000000409800 Uncommon trap: reason=bimorphic_or_optimized_type_check action=maybe_recompile pc=0x0000000014836604 method=java.io.DataInputStream.readFully([BII)V @ 34 c2
Event: 5.268 Thread 0x0000000000409800 Uncommon trap: reason=bimorphic_or_optimized_type_check action=maybe_recompile pc=0x0000000014836604 method=java.io.DataInputStream.readFully([BII)V @ 34 c2
Event: 5.268 Thread 0x0000000000409800 Uncommon trap: reason=bimorphic_or_optimized_type_check action=maybe_recompile pc=0x0000000014836604 method=java.io.DataInputStream.readFully([BII)V @ 34 c2
Event: 5.323 Thread 0x0000000000409800 Uncommon trap: reason=unstable_if action=reinterpret pc=0x0000000014863e38 method=java.io.DataInputStream.readUTF(Ljava/io/DataInput;)Ljava/lang/String; @ 31 c2
Event: 5.387 Thread 0x0000000000409800 Uncommon trap: reason=unstable_if action=reinterpret pc=0x000000001482f4b0 method=java.lang.String.getChars(II[CI)V @ 23 c2
Event: 11.412 Thread 0x0000000000409800 Uncommon trap: reason=unstable_if action=reinterpret pc=0x00000000148992b4 method=com.google.gson.stream.JsonReader.nextQuotedValue(C)Ljava/lang/String; @ 42 c2
Event: 11.461 Thread 0x0000000000409800 Uncommon trap: reason=unstable_if action=reinterpret pc=0x000000001489af58 method=java.util.Base64$Decoder.outLength([BII)I @ 78 c2
Event: 11.493 Thread 0x0000000000409800 Uncommon trap: reason=unstable_if action=reinterpret pc=0x000000001489bb04 method=java.util.Base64$Decoder.decode0([BII[B)I @ 30 c2
Event: 11.584 Thread 0x0000000000409800 Uncommon trap: reason=unstable_if action=reinterpret pc=0x000000001485f718 method=java.util.regex.Pattern$Start.match(Ljava/util/regex/Matcher;ILjava/lang/CharSequence;)Z @ 10 c2
Event: 12.363 Thread 0x0000000000409800 Uncommon trap: reason=unstable_if action=reinterpret pc=0x000000001483e780 method=java.lang.StringDecoderUTF8.decode([BIILjava/lang/StringCoding$Result;)Ljava/lang/StringCoding$Result; @ 32 c2

Classes redefined (2 events):
Event: 189.270 Thread 0x0000000029884800 redefined class name=LOT.LotBiletyEUcopy, count=1
Event: 235.916 Thread 0x0000000029884800 redefined class name=LOT.LotBiletyEUcopy, count=2

Internal exceptions (10 events):
Event: 12.871 Thread 0x0000000000409800 Exception <a 'java/net/SocketTimeoutException'{0x00000006cdbc35c8}: Read timed out> (0x00000006cdbc35c8) thrown at [t:/workspace/hotspot/src/share/vm/prims/jni.cpp, line 625]
Event: 12.890 Thread 0x0000000000409800 Exception <a 'java/net/SocketTimeoutException'{0x00000006cdbd0a98}: Read timed out> (0x00000006cdbd0a98) thrown at [t:/workspace/hotspot/src/share/vm/prims/jni.cpp, line 625]
Event: 13.321 Thread 0x0000000000409800 Exception <a 'java/net/SocketTimeoutException'{0x00000006cdbe3d58}: Read timed out> (0x00000006cdbe3d58) thrown at [t:/workspace/hotspot/src/share/vm/prims/jni.cpp, line 625]
Event: 13.335 Thread 0x0000000000409800 Exception <a 'java/net/SocketTimeoutException'{0x00000006cdbf1798}: Read timed out> (0x00000006cdbf1798) thrown at [t:/workspace/hotspot/src/share/vm/prims/jni.cpp, line 625]
Event: 15.099 Thread 0x0000000000409800 Exception <a 'java/net/SocketTimeoutException'{0x00000006cdbff248}: Read timed out> (0x00000006cdbff248) thrown at [t:/workspace/hotspot/src/share/vm/prims/jni.cpp, line 625]
Event: 15.115 Thread 0x0000000000409800 Exception <a 'java/net/SocketTimeoutException'{0x00000006cda0cef8}: Read timed out> (0x00000006cda0cef8) thrown at [t:/workspace/hotspot/src/share/vm/prims/jni.cpp, line 625]
Event: 15.405 Thread 0x0000000000409800 Exception <a 'java/net/SocketTimeoutException'{0x00000006cda1bf78}: Read timed out> (0x00000006cda1bf78) thrown at [t:/workspace/hotspot/src/share/vm/prims/jni.cpp, line 625]
Event: 16.344 Thread 0x0000000000409800 Exception <a 'java/net/SocketTimeoutException'{0x00000006cda29a00}: Read timed out> (0x00000006cda29a00) thrown at [t:/workspace/hotspot/src/share/vm/prims/jni.cpp, line 625]
Event: 17.794 Thread 0x0000000000409800 Exception <a 'java/net/SocketTimeoutException'{0x00000006cda528b0}: Read timed out> (0x00000006cda528b0) thrown at [t:/workspace/hotspot/src/share/vm/prims/jni.cpp, line 625]
Event: 21.244 Thread 0x0000000000409800 Exception <a 'java/net/SocketTimeoutException'{0x00000006cda6cbf8}: Read timed out> (0x00000006cda6cbf8) thrown at [t:/workspace/hotspot/src/share/vm/prims/jni.cpp, line 625]

Events (10 events):
Event: 236.058 Executing VM operation: ChangeBreakpoints done
Event: 236.060 Executing VM operation: ChangeBreakpoints
Event: 236.061 Executing VM operation: ChangeBreakpoints done
Event: 236.063 Executing VM operation: ChangeBreakpoints
Event: 236.064 Executing VM operation: ChangeBreakpoints done
Event: 236.076 Executing VM operation: GetFrameCount
Event: 236.076 Executing VM operation: GetFrameCount done
Event: 236.078 Executing VM operation: GetFrameLocation
Event: 236.078 Executing VM operation: GetFrameLocation done
Event: 236.111 Executing VM operation: GetOrSetLocal


Dynamic libraries:
0x000000013f720000 - 0x000000013f75e000 	C:\Program Files\Java\jdk-9.0.4\bin\java.exe
0x0000000076ff0000 - 0x000000007718f000 	C:\Windows\SYSTEM32\ntdll.dll
0x0000000076ed0000 - 0x0000000076fef000 	C:\Windows\system32\kernel32.dll
0x000007fefccf0000 - 0x000007fefcd5a000 	C:\Windows\system32\KERNELBASE.dll
0x000007feff020000 - 0x000007feff0fb000 	C:\Windows\system32\ADVAPI32.dll
0x000007fefd2d0000 - 0x000007fefd36f000 	C:\Windows\system32\msvcrt.dll
0x000007fefecb0000 - 0x000007fefeccf000 	C:\Windows\SYSTEM32\sechost.dll
0x000007feff100000 - 0x000007feff22d000 	C:\Windows\system32\RPCRT4.dll
0x0000000076dd0000 - 0x0000000076eca000 	C:\Windows\system32\USER32.dll
0x000007fefecd0000 - 0x000007fefed37000 	C:\Windows\system32\GDI32.dll
0x000007fefeb90000 - 0x000007fefeb9e000 	C:\Windows\system32\LPK.dll
0x000007fefed40000 - 0x000007fefee0b000 	C:\Windows\system32\USP10.dll
0x000007fefbdb0000 - 0x000007fefbfa4000 	C:\Windows\WinSxS\amd64_microsoft.windows.common-controls_6595b64144ccf1df_6.0.7601.18837_none_fa3b1e3d17594757\COMCTL32.dll
0x000007fefee20000 - 0x000007fefee91000 	C:\Windows\system32\SHLWAPI.dll
0x000007fefbb90000 - 0x000007fefbb9c000 	C:\Windows\system32\VERSION.dll
0x000007feff230000 - 0x000007feff25e000 	C:\Windows\system32\IMM32.DLL
0x000007fefeba0000 - 0x000007fefeca9000 	C:\Windows\system32\MSCTF.dll
0x000007feec530000 - 0x000007feec5db000 	C:\Program Files\McAfee\Host Intrusion Prevention\HcApi.dll
0x000007fefcee0000 - 0x000007fefcf1b000 	C:\Windows\system32\WINTRUST.dll
0x000007fefcd70000 - 0x000007fefcedd000 	C:\Windows\system32\CRYPT32.dll
0x000007fefccd0000 - 0x000007fefccdf000 	C:\Windows\system32\MSASN1.dll
0x00000000715a0000 - 0x00000000715ac000 	C:\Program Files\McAfee\Host Intrusion Prevention\HcThe.dll
0x000007fecd120000 - 0x000007fecd20f000 	C:\Program Files\Java\jdk-9.0.4\bin\msvcr120.dll
0x000007fedd2d0000 - 0x000007fedd376000 	C:\Program Files\Java\jdk-9.0.4\bin\msvcp120.dll
0x000000005fc10000 - 0x0000000060635000 	C:\Program Files\Java\jdk-9.0.4\bin\server\jvm.dll
0x000007fef97f0000 - 0x000007fef97f9000 	C:\Windows\system32\WSOCK32.dll
0x000007fefd280000 - 0x000007fefd2cd000 	C:\Windows\system32\WS2_32.dll
0x000007fefee10000 - 0x000007fefee18000 	C:\Windows\system32\NSI.dll
0x000007fefab10000 - 0x000007fefab4b000 	C:\Windows\system32\WINMM.dll
0x00000000771a0000 - 0x00000000771a7000 	C:\Windows\system32\PSAPI.DLL
0x000007fefb8e0000 - 0x000007fefb8ef000 	C:\Program Files\Java\jdk-9.0.4\bin\verify.dll
0x000007fefa2d0000 - 0x000007fefa2f7000 	C:\Program Files\Java\jdk-9.0.4\bin\java.dll
0x000007fecd3a0000 - 0x000007fecd3d6000 	C:\Program Files\Java\jdk-9.0.4\bin\jdwp.dll
0x000007feebe90000 - 0x000007feebeba000 	C:\Program Files\Java\jdk-9.0.4\bin\instrument.dll
0x000007fefa7b0000 - 0x000007fefa7c6000 	C:\Program Files\Java\jdk-9.0.4\bin\zip.dll
0x000007fefa530000 - 0x000007fefa53a000 	C:\Program Files\Java\jdk-9.0.4\bin\jimage.dll
0x000007fefdc10000 - 0x000007fefe99b000 	C:\Windows\system32\SHELL32.dll
0x000007fefd080000 - 0x000007fefd27d000 	C:\Windows\system32\ole32.dll
0x000007fefccc0000 - 0x000007fefcccf000 	C:\Windows\system32\profapi.dll
0x000007fef9f10000 - 0x000007fef9f2a000 	C:\Program Files\Java\jdk-9.0.4\bin\net.dll
0x000007fef67b0000 - 0x000007fef6821000 	C:\Windows\system32\WINHTTP.dll
0x000007fef6840000 - 0x000007fef68a5000 	C:\Windows\system32\webio.dll
0x000007fefc460000 - 0x000007fefc4b5000 	C:\Windows\system32\mswsock.dll
0x000007fefc6c0000 - 0x000007fefc6c7000 	C:\Windows\System32\wship6.dll
0x000007fefa310000 - 0x000007fefa321000 	C:\Program Files\Java\jdk-9.0.4\bin\nio.dll
0x000007fefa520000 - 0x000007fefa52a000 	C:\Program Files\Java\jdk-9.0.4\bin\dt_socket.dll
0x000007fefbc60000 - 0x000007fefbc67000 	C:\Windows\System32\wshtcpip.dll
0x000007fefc5d0000 - 0x000007fefc5e8000 	C:\Windows\system32\CRYPTSP.dll
0x000007fefc180000 - 0x000007fefc1c7000 	C:\Windows\system32\rsaenh.dll
0x000007fefd050000 - 0x000007fefd06e000 	C:\Windows\system32\USERENV.dll
0x000007fefcb60000 - 0x000007fefcb6f000 	C:\Windows\system32\CRYPTBASE.dll
0x000007fef9830000 - 0x000007fef9857000 	C:\Windows\system32\IPHLPAPI.DLL
0x000007fef9820000 - 0x000007fef982b000 	C:\Windows\system32\WINNSI.DLL
0x000007fef8f30000 - 0x000007fef8f41000 	C:\Windows\system32\dhcpcsvc6.DLL
0x000007fef8f10000 - 0x000007fef8f28000 	C:\Windows\system32\dhcpcsvc.DLL
0x000007fefc350000 - 0x000007fefc3ab000 	C:\Windows\system32\DNSAPI.dll
0x000007fef6830000 - 0x000007fef6838000 	C:\Windows\system32\rasadhlp.dll
0x000007fef8f60000 - 0x000007fef8fb3000 	C:\Windows\System32\fwpuclnt.dll
0x000007feec0b0000 - 0x000007feec0d3000 	C:\Program Files\Java\jdk-9.0.4\bin\sunec.dll
0x000007fefcb00000 - 0x000007fefcb57000 	C:\Windows\system32\apphelp.dll
0x000007fefa540000 - 0x000007fefa665000 	C:\Windows\system32\dbghelp.dll

VM Arguments:
jvm_args: -agentlib:jdwp=transport=dt_socket,address=127.0.0.1:50028,suspend=y,server=n -ea -Didea.test.cyclic.buffer.size=1048576 -javaagent:C:\Users\30001236\.IdeaIC2018.1\system\captureAgent\debugger-agent.jar=file:/C:/Users/30001236/AppData/Local/Temp/capture2.props -Dfile.encoding=UTF-8 
java_command: org.testng.RemoteTestNGStarter -usedefaultlisteners true -listener Main.LisinerTest -socket50027 @w@C:\Users\30001236\AppData\Local\Temp\idea_working_dirs_testng.tmp -temp C:\Users\30001236\AppData\Local\Temp\idea_testng1.tmp
java_class_path (initial): C:\Users\30001236\AppData\Roaming\JetBrains\IntelliJ IDEA Community Edition 2018.1\lib\idea_rt.jar;C:\Users\30001236\AppData\Roaming\JetBrains\IntelliJ IDEA Community Edition 2018.1\plugins\testng\lib\testng-plugin.jar;C:\Users\30001236\IdeaProjects\LOTests\target\test-classes;C:\Users\30001236\IdeaProjects\LOTests\target\classes;C:\Users\30001236\IdeaProjects\LOT\selenium\libs\byte-buddy-1.7.9.jar;C:\Users\30001236\IdeaProjects\LOT\selenium\libs\commons-codec-1.10.jar;C:\Users\30001236\IdeaProjects\LOT\selenium\libs\commons-exec-1.3.jar;C:\Users\30001236\IdeaProjects\LOT\selenium\libs\commons-logging-1.2.jar;C:\Users\30001236\IdeaProjects\LOT\selenium\libs\gson-2.8.2.jar;C:\Users\30001236\IdeaProjects\LOT\selenium\libs\guava-23.6-jre.jar;C:\Users\30001236\IdeaProjects\LOT\selenium\libs\httpclient-4.5.3.jar;C:\Users\30001236\IdeaProjects\LOT\selenium\libs\httpcore-4.4.6.jar;C:\Users\30001236\IdeaProjects\LOT\selenium\libs\okhttp-3.9.1.jar;C:\Users\30001236\IdeaProjects\LOT\selenium\libs\okio-1.13.0.jar;C:\Users\30001236\IdeaProjects\LOT\selenium\client-combined-3.9.1.jar;C:\Users\30001236\IdeaProjects\selenium-support-2.29.1.jar;C:\Users\30001236\.m2\repository\com\github\2gis\winium\winium-elements-desktop\0.2.0-1\winium-elements-desktop-0.2.0-1.jar;C:\Users\30001236\.m2\repository\org\seleniumhq\selenium\selenium-java\2.48.2\selenium-java-2.48.2.jar;C:\Users\30001236\.m2\repository\org\seleniumhq\selenium\selenium-htmlunit-driver\2.48.2\selenium-htmlunit-driver-2.48.2.jar;C:\Users\30001236\.m2\repository\org\webbitserver\webbit\0.4.14\webbit-0.4.14.jar;C:\Users\30001236\.m2\repository\io\netty\netty\3.5.2.Final\netty-3.5.2.Final.jar;C:\Users\30001236\.m2\repository\org\seleniumhq\selenium\selenium-leg-rc\2.48.2\selenium-leg-rc-2.48.2.jar;C:\Users\30001236\.m2\repository\com\github\2gis\winium\winium-webdriver\0.1.0-1\winium-webdriver-0.1.0-1.jar;C:\Users\30001236\.m2\repository\org\testng\testng\6.14.2\testng-6.14.2.jar;C:\Users\300012
Launcher Type: SUN_STANDARD

Logging:
Log output configuration:
#0: stdout all=warning uptime,level,tags
#1: stderr all=off uptime,level,tags

Environment Variables:
PATH=C:\ProgramData\Oracle\Java\javapath;C:\Program Files (x86)\Intel\iCLS Client\;C:\Program Files\Intel\iCLS Client\;C:\Windows\system32;C:\Windows;C:\Windows\System32\Wbem;C:\Windows\System32\WindowsPowerShell\v1.0\;C:\Program Files\Intel\WiFi\bin\;C:\Program Files\Common Files\Intel\WirelessCommon\;C:\Program Files (x86)\Intel\UCRT\;C:\Program Files\Intel\UCRT\;C:\Program Files (x86)\Intel\Intel(R) Management Engine Components\DAL;C:\Program Files\Intel\Intel(R) Management Engine Components\DAL;C:\Program Files (x86)\Intel\Intel(R) Management Engine Components\IPT;C:\Program Files\Intel\Intel(R) Management Engine Components\IPT;C:\Program Files (x86)\OpenText\Viewer\bin;C:\Users\30001236\Fiddler;C:\Users\30001236\AppData\Local\Programs\Git\cmd
USERNAME=30001236
OS=Windows_NT
PROCESSOR_IDENTIFIER=Intel64 Family 6 Model 78 Stepping 3, GenuineIntel



---------------  S Y S T E M  ---------------

OS: Windows 7 , 64 bit Build 7601 (6.1.7601.24117)

CPU:total 4 (initial active 4) (2 cores per cpu, 2 threads per core) family 6 model 78 stepping 3, cmov, cx8, fxsr, mmx, sse, sse2, sse3, ssse3, sse4.1, sse4.2, popcnt, avx, avx2, aes, clmul, erms, 3dnowpref, lzcnt, ht, tsc, tscinvbit, bmi1, bmi2, adx, fma

Memory: 4k page, physical 16654952k(4318188k free), swap 33308028k(19283588k free)

vm_info: Java HotSpot(TM) 64-Bit Server VM (9.0.4+11) for windows-amd64 JRE (9.0.4+11), built on Dec 20 2017 02:18:54 by "mach5one" with MS VC++ 12.0 (VS2013)

END.
